[debug] [2023-09-30T17:26:55.411Z] ----------------------------------------------------------------------
[debug] [2023-09-30T17:26:55.413Z] Command:       C:\Program Files\nodejs\node.exe C:\Users\ktyn\AppData\Roaming\npm\node_modules\firebase-tools\lib\bin\firebase.js init
[debug] [2023-09-30T17:26:55.413Z] CLI Version:   12.6.1
[debug] [2023-09-30T17:26:55.414Z] Platform:      win32
[debug] [2023-09-30T17:26:55.414Z] Node Version:  v18.17.0
[debug] [2023-09-30T17:26:55.415Z] Time:          Sun Oct 01 2023 01:26:55 GMT+0800 (Taipei Standard Time)
[debug] [2023-09-30T17:26:55.415Z] ----------------------------------------------------------------------
[debug] 
[debug] [2023-09-30T17:26:55.424Z] > command requires scopes: ["email","openid","https://www.googleapis.com/auth/cloudplatformprojects.readonly","https://www.googleapis.com/auth/firebase","https://www.googleapis.com/auth/cloud-platform"]
[debug] [2023-09-30T17:26:55.425Z] > authorizing via signed-in user (ktyntang@gmail.com)
[info] 
     ######## #### ########  ######## ########     ###     ######  ########
     ##        ##  ##     ## ##       ##     ##  ##   ##  ##       ##
     ######    ##  ########  ######   ########  #########  ######  ######
     ##        ##  ##    ##  ##       ##     ## ##     ##       ## ##
     ##       #### ##     ## ######## ########  ##     ##  ######  ########

You're about to initialize a Firebase project in this directory:

  C:\Users\ktyn\OneDrive\Documents\Kspaze\kspaze1-2023

[info] 
=== Project Setup
[info] 
[info] First, let's associate this project directory with a Firebase project.
[info] You can create multiple project aliases by running firebase use --add, 
[info] but for now we'll just set up a default project.
[info] 
[debug] [2023-09-30T17:27:07.355Z] >>> [apiv2][query] GET https://firebase.googleapis.com/v1beta1/projects pageSize=100
[debug] [2023-09-30T17:27:08.705Z] <<< [apiv2][status] GET https://firebase.googleapis.com/v1beta1/projects 200
[debug] [2023-09-30T17:27:08.705Z] <<< [apiv2][body] GET https://firebase.googleapis.com/v1beta1/projects [omitted]
[info] i  Using project kspaze-2023 (kspaze-2023) 
[info] 
=== Hosting Setup
[info] 
[info] Your public directory is the folder (relative to your project directory) that
[info] will contain Hosting assets to be uploaded with firebase deploy. If you
[info] have a build process for your assets, use your build's output directory.
[info] 
[debug] [2023-09-30T17:27:20.568Z] >>> [apiv2][query] GET https://www.gstatic.com/firebasejs/releases.json [none]
[debug] [2023-09-30T17:27:20.674Z] <<< [apiv2][status] GET https://www.gstatic.com/firebasejs/releases.json 200
[debug] [2023-09-30T17:27:20.674Z] <<< [apiv2][body] GET https://www.gstatic.com/firebasejs/releases.json {"current":{"version":"10.4.0","browserURL":"https://www.gstatic.com/firebasejs/10.4.0/firebase.js","packageURL":"https://www.gstatic.com/firebasejs/10.4.0/firebase.tgz"},"live":{"version":"10.4","browserURL":"https://www.gstatic.com/firebasejs/live/10.4/firebase.js","packageURL":"https://www.gstatic.com/firebasejs/live/10.4/firebase.tgz"},"components":{"analytics":"https://www.gstatic.com/firebasejs/10.4.0/firebase-analytics.js","app":"https://www.gstatic.com/firebasejs/10.4.0/firebase-app.js","app-check":"https://www.gstatic.com/firebasejs/10.4.0/firebase-app-check.js","auth":"https://www.gstatic.com/firebasejs/10.4.0/firebase-auth.js","auth/cordova":"https://www.gstatic.com/firebasejs/10.4.0/firebase-auth/cordova.js","functions":"https://www.gstatic.com/firebasejs/10.4.0/firebase-functions.js","firestore":"https://www.gstatic.com/firebasejs/10.4.0/firebase-firestore.js","firestore/lite":"https://www.gstatic.com/firebasejs/10.4.0/firebase-firestore/lite.js","installations":"https://www.gstatic.com/firebasejs/10.4.0/firebase-installations.js","storage":"https://www.gstatic.com/firebasejs/10.4.0/firebase-storage.js","performance":"https://www.gstatic.com/firebasejs/10.4.0/firebase-performance.js","remote-config":"https://www.gstatic.com/firebasejs/10.4.0/firebase-remote-config.js","messaging":"https://www.gstatic.com/firebasejs/10.4.0/firebase-messaging.js","messaging/sw":"https://www.gstatic.com/firebasejs/10.4.0/firebase-messaging/sw.js","database":"https://www.gstatic.com/firebasejs/10.4.0/firebase-database.js","firestore.memory":"https://www.gstatic.com/firebasejs/10.4.0/firebase-firestore.memory.js"}}
[info] +  Wrote public/index.html 
[info] 
[info] i  Detected a .git folder at C:\Users\ktyn\OneDrive\Documents\Kspaze\kspaze1-2023 
[info] i  Authorizing with GitHub to upload your service account to a GitHub repository's secrets store. 
[info] 
[info] Visit this URL on this device to log in:
[info] https://github.com/login/oauth/authorize?client_id=89cf50f02ac6aaed3484&state=493559433&redirect_uri=http%3A%2F%2Flocalhost%3A9005&scope=read%3Auser%20repo%20public_repo
[info] 
[info] Waiting for authentication...
[debug] [2023-09-30T17:27:44.338Z] >>> [apiv2][query] POST https://github.com/login/oauth/access_token [none]
[debug] [2023-09-30T17:27:44.339Z] >>> [apiv2][body] POST https://github.com/login/oauth/access_token [stream]
[debug] [2023-09-30T17:27:44.628Z] <<< [apiv2][status] POST https://github.com/login/oauth/access_token 200
[debug] [2023-09-30T17:27:44.628Z] <<< [apiv2][body] POST https://github.com/login/oauth/access_token {"access_token":"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","token_type":"bearer","scope":"read:user,repo"}
[debug] [2023-09-30T17:27:44.654Z] >>> [apiv2][query] GET https://api.github.com/user [none]
[debug] [2023-09-30T17:27:44.973Z] <<< [apiv2][status] GET https://api.github.com/user 200
[debug] [2023-09-30T17:27:44.974Z] <<< [apiv2][body] GET https://api.github.com/user {"login":"ktyntang","id":84981405,"node_id":"MDQ6VXNlcjg0OTgxNDA1","avatar_url":"https://avatars.githubusercontent.com/u/84981405?v=4","gravatar_id":"","url":"https://api.github.com/users/ktyntang","html_url":"https://github.com/ktyntang","followers_url":"https://api.github.com/users/ktyntang/followers","following_url":"https://api.github.com/users/ktyntang/following{/other_user}","gists_url":"https://api.github.com/users/ktyntang/gists{/gist_id}","starred_url":"https://api.github.com/users/ktyntang/starred{/owner}{/repo}","subscriptions_url":"https://api.github.com/users/ktyntang/subscriptions","organizations_url":"https://api.github.com/users/ktyntang/orgs","repos_url":"https://api.github.com/users/ktyntang/repos","events_url":"https://api.github.com/users/ktyntang/events{/privacy}","received_events_url":"https://api.github.com/users/ktyntang/received_events","type":"User","site_admin":false,"name":"K-Tyn Tang","company":null,"blog":"bit.ly/K-Tyn","location":null,"email":null,"hireable":null,"bio":null,"twitter_username":null,"public_repos":18,"public_gists":0,"followers":0,"following":0,"created_at":"2021-05-28T15:09:15Z","updated_at":"2023-09-30T17:27:43Z","private_gists":0,"total_private_repos":4,"owned_private_repos":4,"disk_usage":166540,"collaborators":2,"two_factor_authentication":false,"plan":{"name":"free","space":976562499,"collaborators":0,"private_repos":10000}}
[info] 
[info] +  Success! Logged into GitHub as ktyntang 
[info] 
